

Version:	3.50
CmdLine:	C:\Users\User\Documents\NetBeansProjects\JavaSwingLayouts\EXE\JavaSwinLayouts.exe --l4j-debug
JNI:		No
WOW64:		Yes
Working dir:	C:\Users\User\Documents\NetBeansProjects\JavaSwingLayouts\EXE\.
Requires JDK:	Yes
Requires 64-Bit: No
Java min ver:	1.011.000
Java max ver:	
Substitute:	JAVA_HOME = E:\Softwares\JDK11\
Substitute:	PATH = C:\Program Files\Common Files\Oracle\Java\javapath;E:\Softwares\Python\Scripts\;E:\Softwares\Python\;C:\ProgramData\ComposerSetup\bin;C:\Windows\system32;C:\Windows;C:\Windows\System32\Wbem;C:\Windows\System32\WindowsPowerShell\v1.0\;C:\Windows\System32\OpenSSH\;C:\Program Files (x86)\NVIDIA Corporation\PhysX\Common;C:\xampp\php;C:\Program Files\nodejs\;C:\Program Files\Microsoft SQL Server\150\Tools\Binn\;C:\Program Files\Microsoft SQL Server\Client SDK\ODBC\170\Tools\Binn\;C:\Program Files\dotnet\;E:\Windows Kits\10\Windows Performance Toolkit\;D:\SOFTWARE\AndroidSDK\tools\bin;D:\SOFTWARE\AndroidSDK\platform-tools;D:\SOFTWARE\PuTTY\installed\;C:\Program Files\Git\cmd;D:\SOFTWARE\maven-mvnd-1.0.2-windows-amd64\maven-mvnd-1.0.2-windows-amd64\bin;D:\SOFTWARE\flutter_windows_3.29.2-stable\flutter\bin;C:\Program Files\MySQL\MySQL Shell 8.0\bin\;C:\Users\User\AppData\Local\Microsoft\WindowsApps;C:\Users\User\AppData\Roaming\Composer\vendor\bin;C:\Users\User\AppData\Roaming\npm;C:\Users\User\.dotnet\tools;E:\Softwares\Microsoft VS Code\bin;;E:\Softwares\JDK11\\bin
JRE paths:	E:\Softwares\JDK11\;C:\Program Files\Common Files\Oracle\Java\javapath;E:\Softwares\Python\Scripts\;E:\Softwares\Python\;C:\ProgramData\ComposerSetup\bin;C:\Windows\system32;C:\Windows;C:\Windows\System32\Wbem;C:\Windows\System32\WindowsPowerShell\v1.0\;C:\Windows\System32\OpenSSH\;C:\Program Files (x86)\NVIDIA Corporation\PhysX\Common;C:\xampp\php;C:\Program Files\nodejs\;C:\Program Files\Microsoft SQL Server\150\Tools\Binn\;C:\Program Files\Microsoft SQL Server\Client SDK\ODBC\170\Tools\Binn\;C:\Program Files\dotnet\;E:\Windows Kits\10\Windows Performance Toolkit\;D:\SOFTWARE\AndroidSDK\tools\bin;D:\SOFTWARE\AndroidSDK\platform-tools;D:\SOFTWARE\PuTTY\installed\;C:\Program Files\Git\cmd;D:\SOFTWARE\maven-mvnd-1.0.2-windows-amd64\maven-mvnd-1.0.2-windows-amd64\bin;D:\SOFTWARE\flutter_windows_3.29.2-stable\flutter\bin;C:\Program Files\MySQL\MySQL Shell 8.0\bin\;C:\Users\User\AppData\Local\Microsoft\WindowsApps;C:\Users\User\AppData\Roaming\Composer\vendor\bin;C:\Users\User\AppData\Roaming\npm;C:\Users\User\.dotnet\tools;E:\Softwares\Microsoft VS Code\bin;;E:\Softwares\JDK11\\bin
Check launcher:	E:\Softwares\JDK11\bin\javaw.exe (OK)
Check javac:	E:\Softwares\JDK11\bin\javac.exe (OK)
Version string: 1.011.000_024 / 64-Bit (OK)
Main class:	LayoutsShowcase.LayoutShowcase
Add classpath:	lib\flatlaf-3.6.jar
Launcher:	E:\Softwares\JDK11\bin\javaw.exe
Launcher args:	-classpath "C:\Users\User\Documents\NetBeansProjects\JavaSwingLayouts\EXE\JavaSwinLayouts.exe;lib\flatlaf-3.6.jar" LayoutsShowcase.LayoutShowcase
Args length:	145/32768 chars
Exit code:	0


Version:	3.50
CmdLine:	C:\Users\User\Documents\NetBeansProjects\JavaSwingLayouts\EXE\JavaSwinLayouts.exe --l4j-debug
JNI:		No
WOW64:		Yes
Working dir:	C:\Users\User\Documents\NetBeansProjects\JavaSwingLayouts\EXE\.
Requires JDK:	Yes
Requires 64-Bit: No
Java min ver:	1.011.000
Java max ver:	
Substitute:	JAVA_HOME = E:\Softwares\JDK11\
Substitute:	PATH = C:\Program Files\Common Files\Oracle\Java\javapath;E:\Softwares\Python\Scripts\;E:\Softwares\Python\;C:\ProgramData\ComposerSetup\bin;C:\Windows\system32;C:\Windows;C:\Windows\System32\Wbem;C:\Windows\System32\WindowsPowerShell\v1.0\;C:\Windows\System32\OpenSSH\;C:\Program Files (x86)\NVIDIA Corporation\PhysX\Common;C:\xampp\php;C:\Program Files\nodejs\;C:\Program Files\Microsoft SQL Server\150\Tools\Binn\;C:\Program Files\Microsoft SQL Server\Client SDK\ODBC\170\Tools\Binn\;C:\Program Files\dotnet\;E:\Windows Kits\10\Windows Performance Toolkit\;D:\SOFTWARE\AndroidSDK\tools\bin;D:\SOFTWARE\AndroidSDK\platform-tools;D:\SOFTWARE\PuTTY\installed\;C:\Program Files\Git\cmd;D:\SOFTWARE\maven-mvnd-1.0.2-windows-amd64\maven-mvnd-1.0.2-windows-amd64\bin;D:\SOFTWARE\flutter_windows_3.29.2-stable\flutter\bin;C:\Program Files\MySQL\MySQL Shell 8.0\bin\;C:\Users\User\AppData\Local\Microsoft\WindowsApps;C:\Users\User\AppData\Roaming\Composer\vendor\bin;C:\Users\User\AppData\Roaming\npm;C:\Users\User\.dotnet\tools;E:\Softwares\Microsoft VS Code\bin;;E:\Softwares\JDK11\\bin
JRE paths:	E:\Softwares\JDK11\;C:\Program Files\Common Files\Oracle\Java\javapath;E:\Softwares\Python\Scripts\;E:\Softwares\Python\;C:\ProgramData\ComposerSetup\bin;C:\Windows\system32;C:\Windows;C:\Windows\System32\Wbem;C:\Windows\System32\WindowsPowerShell\v1.0\;C:\Windows\System32\OpenSSH\;C:\Program Files (x86)\NVIDIA Corporation\PhysX\Common;C:\xampp\php;C:\Program Files\nodejs\;C:\Program Files\Microsoft SQL Server\150\Tools\Binn\;C:\Program Files\Microsoft SQL Server\Client SDK\ODBC\170\Tools\Binn\;C:\Program Files\dotnet\;E:\Windows Kits\10\Windows Performance Toolkit\;D:\SOFTWARE\AndroidSDK\tools\bin;D:\SOFTWARE\AndroidSDK\platform-tools;D:\SOFTWARE\PuTTY\installed\;C:\Program Files\Git\cmd;D:\SOFTWARE\maven-mvnd-1.0.2-windows-amd64\maven-mvnd-1.0.2-windows-amd64\bin;D:\SOFTWARE\flutter_windows_3.29.2-stable\flutter\bin;C:\Program Files\MySQL\MySQL Shell 8.0\bin\;C:\Users\User\AppData\Local\Microsoft\WindowsApps;C:\Users\User\AppData\Roaming\Composer\vendor\bin;C:\Users\User\AppData\Roaming\npm;C:\Users\User\.dotnet\tools;E:\Softwares\Microsoft VS Code\bin;;E:\Softwares\JDK11\\bin
Check launcher:	E:\Softwares\JDK11\bin\javaw.exe (OK)
Check javac:	E:\Softwares\JDK11\bin\javac.exe (OK)
Version string: 1.011.000_024 / 64-Bit (OK)
Main class:	LayoutsShowcase.LayoutShowcase
Add classpath:	lib\flatlaf-3.6.jar
Launcher:	E:\Softwares\JDK11\bin\javaw.exe
Launcher args:	-classpath "C:\Users\User\Documents\NetBeansProjects\JavaSwingLayouts\EXE\JavaSwinLayouts.exe;lib\flatlaf-3.6.jar" LayoutsShowcase.LayoutShowcase
Args length:	145/32768 chars
Exit code:	0


Version:	3.50
CmdLine:	C:\Users\User\Documents\NetBeansProjects\JavaSwingLayouts\EXE\JavaSwinLayouts.exe --l4j-debug
JNI:		No
WOW64:		Yes
Working dir:	C:\Users\User\Documents\NetBeansProjects\JavaSwingLayouts\EXE\.
Requires JDK:	Yes
Requires 64-Bit: No
Java min ver:	1.011.000
Java max ver:	
Substitute:	JAVA_HOME = E:\Softwares\JDK11\
Substitute:	PATH = C:\Program Files\Common Files\Oracle\Java\javapath;E:\Softwares\Python\Scripts\;E:\Softwares\Python\;C:\ProgramData\ComposerSetup\bin;C:\Windows\system32;C:\Windows;C:\Windows\System32\Wbem;C:\Windows\System32\WindowsPowerShell\v1.0\;C:\Windows\System32\OpenSSH\;C:\Program Files (x86)\NVIDIA Corporation\PhysX\Common;C:\xampp\php;C:\Program Files\nodejs\;C:\Program Files\Microsoft SQL Server\150\Tools\Binn\;C:\Program Files\Microsoft SQL Server\Client SDK\ODBC\170\Tools\Binn\;C:\Program Files\dotnet\;E:\Windows Kits\10\Windows Performance Toolkit\;D:\SOFTWARE\AndroidSDK\tools\bin;D:\SOFTWARE\AndroidSDK\platform-tools;D:\SOFTWARE\PuTTY\installed\;C:\Program Files\Git\cmd;D:\SOFTWARE\maven-mvnd-1.0.2-windows-amd64\maven-mvnd-1.0.2-windows-amd64\bin;D:\SOFTWARE\flutter_windows_3.29.2-stable\flutter\bin;C:\Program Files\MySQL\MySQL Shell 8.0\bin\;C:\Users\User\AppData\Local\Microsoft\WindowsApps;C:\Users\User\AppData\Roaming\Composer\vendor\bin;C:\Users\User\AppData\Roaming\npm;C:\Users\User\.dotnet\tools;E:\Softwares\Microsoft VS Code\bin;;E:\Softwares\JDK11\\bin
JRE paths:	E:\Softwares\JDK11\;C:\Program Files\Common Files\Oracle\Java\javapath;E:\Softwares\Python\Scripts\;E:\Softwares\Python\;C:\ProgramData\ComposerSetup\bin;C:\Windows\system32;C:\Windows;C:\Windows\System32\Wbem;C:\Windows\System32\WindowsPowerShell\v1.0\;C:\Windows\System32\OpenSSH\;C:\Program Files (x86)\NVIDIA Corporation\PhysX\Common;C:\xampp\php;C:\Program Files\nodejs\;C:\Program Files\Microsoft SQL Server\150\Tools\Binn\;C:\Program Files\Microsoft SQL Server\Client SDK\ODBC\170\Tools\Binn\;C:\Program Files\dotnet\;E:\Windows Kits\10\Windows Performance Toolkit\;D:\SOFTWARE\AndroidSDK\tools\bin;D:\SOFTWARE\AndroidSDK\platform-tools;D:\SOFTWARE\PuTTY\installed\;C:\Program Files\Git\cmd;D:\SOFTWARE\maven-mvnd-1.0.2-windows-amd64\maven-mvnd-1.0.2-windows-amd64\bin;D:\SOFTWARE\flutter_windows_3.29.2-stable\flutter\bin;C:\Program Files\MySQL\MySQL Shell 8.0\bin\;C:\Users\User\AppData\Local\Microsoft\WindowsApps;C:\Users\User\AppData\Roaming\Composer\vendor\bin;C:\Users\User\AppData\Roaming\npm;C:\Users\User\.dotnet\tools;E:\Softwares\Microsoft VS Code\bin;;E:\Softwares\JDK11\\bin
Check launcher:	E:\Softwares\JDK11\bin\javaw.exe (OK)
Check javac:	E:\Softwares\JDK11\bin\javac.exe (OK)
Version string: 1.011.000_024 / 64-Bit (OK)
Main class:	LayoutsShowcase.LayoutShowcase
Add classpath:	lib\flatlaf-3.6.jar
Launcher:	E:\Softwares\JDK11\bin\javaw.exe
Launcher args:	-classpath "C:\Users\User\Documents\NetBeansProjects\JavaSwingLayouts\EXE\JavaSwinLayouts.exe;lib\flatlaf-3.6.jar" LayoutsShowcase.LayoutShowcase
Args length:	145/32768 chars
Exit code:	0


Version:	3.50
CmdLine:	C:\Users\User\Documents\NetBeansProjects\JavaSwingLayouts\EXE\JavaSwinLayouts.exe --l4j-debug
JNI:		No
WOW64:		Yes
Working dir:	C:\Users\User\Documents\NetBeansProjects\JavaSwingLayouts\EXE\.
Requires JDK:	Yes
Requires 64-Bit: No
Java min ver:	1.011.000
Java max ver:	
Substitute:	JAVA_HOME = E:\Softwares\JDK11\
Substitute:	PATH = C:\Program Files\Common Files\Oracle\Java\javapath;E:\Softwares\Python\Scripts\;E:\Softwares\Python\;C:\ProgramData\ComposerSetup\bin;C:\Windows\system32;C:\Windows;C:\Windows\System32\Wbem;C:\Windows\System32\WindowsPowerShell\v1.0\;C:\Windows\System32\OpenSSH\;C:\Program Files (x86)\NVIDIA Corporation\PhysX\Common;C:\xampp\php;C:\Program Files\nodejs\;C:\Program Files\Microsoft SQL Server\150\Tools\Binn\;C:\Program Files\Microsoft SQL Server\Client SDK\ODBC\170\Tools\Binn\;C:\Program Files\dotnet\;E:\Windows Kits\10\Windows Performance Toolkit\;D:\SOFTWARE\AndroidSDK\tools\bin;D:\SOFTWARE\AndroidSDK\platform-tools;D:\SOFTWARE\PuTTY\installed\;C:\Program Files\Git\cmd;D:\SOFTWARE\maven-mvnd-1.0.2-windows-amd64\maven-mvnd-1.0.2-windows-amd64\bin;D:\SOFTWARE\flutter_windows_3.29.2-stable\flutter\bin;C:\Program Files\MySQL\MySQL Shell 8.0\bin\;C:\Users\User\AppData\Local\Microsoft\WindowsApps;C:\Users\User\AppData\Roaming\Composer\vendor\bin;C:\Users\User\AppData\Roaming\npm;C:\Users\User\.dotnet\tools;E:\Softwares\Microsoft VS Code\bin;;E:\Softwares\JDK11\\bin
JRE paths:	E:\Softwares\JDK11\;C:\Program Files\Common Files\Oracle\Java\javapath;E:\Softwares\Python\Scripts\;E:\Softwares\Python\;C:\ProgramData\ComposerSetup\bin;C:\Windows\system32;C:\Windows;C:\Windows\System32\Wbem;C:\Windows\System32\WindowsPowerShell\v1.0\;C:\Windows\System32\OpenSSH\;C:\Program Files (x86)\NVIDIA Corporation\PhysX\Common;C:\xampp\php;C:\Program Files\nodejs\;C:\Program Files\Microsoft SQL Server\150\Tools\Binn\;C:\Program Files\Microsoft SQL Server\Client SDK\ODBC\170\Tools\Binn\;C:\Program Files\dotnet\;E:\Windows Kits\10\Windows Performance Toolkit\;D:\SOFTWARE\AndroidSDK\tools\bin;D:\SOFTWARE\AndroidSDK\platform-tools;D:\SOFTWARE\PuTTY\installed\;C:\Program Files\Git\cmd;D:\SOFTWARE\maven-mvnd-1.0.2-windows-amd64\maven-mvnd-1.0.2-windows-amd64\bin;D:\SOFTWARE\flutter_windows_3.29.2-stable\flutter\bin;C:\Program Files\MySQL\MySQL Shell 8.0\bin\;C:\Users\User\AppData\Local\Microsoft\WindowsApps;C:\Users\User\AppData\Roaming\Composer\vendor\bin;C:\Users\User\AppData\Roaming\npm;C:\Users\User\.dotnet\tools;E:\Softwares\Microsoft VS Code\bin;;E:\Softwares\JDK11\\bin
Check launcher:	E:\Softwares\JDK11\bin\javaw.exe (OK)
Check javac:	E:\Softwares\JDK11\bin\javac.exe (OK)
Version string: 1.011.000_024 / 64-Bit (OK)
Main class:	LayoutsShowcase.LayoutShowcase
Add classpath:	lib\flatlaf-3.6.jar
Launcher:	E:\Softwares\JDK11\bin\javaw.exe
Launcher args:	-classpath "C:\Users\User\Documents\NetBeansProjects\JavaSwingLayouts\EXE\JavaSwinLayouts.exe;lib\flatlaf-3.6.jar" LayoutsShowcase.LayoutShowcase
Args length:	145/32768 chars
Exit code:	0
